<?xml version="1.0" encoding="UTF-8"?>
<!-- Generated by org.testng.reporters.JUnitXMLReporter -->
<testsuite hostname="rstl006-pc" name="Test" tests="10" failures="0" timestamp="29 Apr 2019 12:34:00 GMT" time="9.699" errors="0">
  <testcase name="@BeforeTest beforeTest" time="0.0" classname="com.ys.h2hdrx.webmodule.Allergies">
    <failure type="org.openqa.selenium.NoSuchWindowException" message="no such window: target window already closed
from unknown error: web view not found
  (Session info: chrome=73.0.3683.103)
  (Driver info: chromedriver=2.45.615291 (ec3682e3c9061c10f26ea9e5cdcf3c53f3f74387),platform=Windows NT 10.0.17134 x86_64) (WARNING: The server did not provide any stacktrace information)
Command duration or timeout: 0 milliseconds
Build info: version: &amp;apos;3.7.1&amp;apos;, revision: &amp;apos;8a0099a&amp;apos;, time: &amp;apos;2017-11-06T21:01:39.354Z&amp;apos;
System info: host: &amp;apos;RSTL006-PC&amp;apos;, ip: &amp;apos;169.254.125.23&amp;apos;, os.name: &amp;apos;Windows 8.1&amp;apos;, os.arch: &amp;apos;amd64&amp;apos;, os.version: &amp;apos;6.3&amp;apos;, java.version: &amp;apos;1.8.0_25&amp;apos;
Driver info: org.openqa.selenium.chrome.ChromeDriver
Capabilities {acceptInsecureCerts: false, acceptSslCerts: false, applicationCacheEnabled: false, browserConnectionEnabled: false, browserName: chrome, chrome: {chromedriverVersion: 2.45.615291 (ec3682e3c9061c..., userDataDir: C:\Users\rstl006\AppData\Lo...}, cssSelectorsEnabled: true, databaseEnabled: false, goog:chromeOptions: {debuggerAddress: localhost:61935}, handlesAlerts: true, hasTouchScreen: false, javascriptEnabled: true, locationContextEnabled: true, mobileEmulationEnabled: false, nativeEvents: true, networkConnectionEnabled: false, pageLoadStrategy: normal, platform: XP, platformName: XP, proxy: Proxy(), rotatable: false, setWindowRect: true, strictFileInteractability: false, takesHeapSnapshot: true, takesScreenshot: true, timeouts: {implicit: 0, pageLoad: 300000, script: 30000}, unexpectedAlertBehaviour: ignore, unhandledPromptBehavior: ignore, version: 73.0.3683.103, webStorageEnabled: true}
Session ID: 54c22c02e53a069095f4d58a782a4eef
*** Element info: {Using=name, value=password}">
      <![CDATA[org.openqa.selenium.NoSuchWindowException: no such window: target window already closed
from unknown error: web view not found
  (Session info: chrome=73.0.3683.103)
  (Driver info: chromedriver=2.45.615291 (ec3682e3c9061c10f26ea9e5cdcf3c53f3f74387),platform=Windows NT 10.0.17134 x86_64) (WARNING: The server did not provide any stacktrace information)
Command duration or timeout: 0 milliseconds
Build info: version: '3.7.1', revision: '8a0099a', time: '2017-11-06T21:01:39.354Z'
System info: host: 'RSTL006-PC', ip: '169.254.125.23', os.name: 'Windows 8.1', os.arch: 'amd64', os.version: '6.3', java.version: '1.8.0_25'
Driver info: org.openqa.selenium.chrome.ChromeDriver
Capabilities {acceptInsecureCerts: false, acceptSslCerts: false, applicationCacheEnabled: false, browserConnectionEnabled: false, browserName: chrome, chrome: {chromedriverVersion: 2.45.615291 (ec3682e3c9061c..., userDataDir: C:\Users\rstl006\AppData\Lo...}, cssSelectorsEnabled: true, databaseEnabled: false, goog:chromeOptions: {debuggerAddress: localhost:61935}, handlesAlerts: true, hasTouchScreen: false, javascriptEnabled: true, locationContextEnabled: true, mobileEmulationEnabled: false, nativeEvents: true, networkConnectionEnabled: false, pageLoadStrategy: normal, platform: XP, platformName: XP, proxy: Proxy(), rotatable: false, setWindowRect: true, strictFileInteractability: false, takesHeapSnapshot: true, takesScreenshot: true, timeouts: {implicit: 0, pageLoad: 300000, script: 30000}, unexpectedAlertBehaviour: ignore, unhandledPromptBehavior: ignore, version: 73.0.3683.103, webStorageEnabled: true}
Session ID: 54c22c02e53a069095f4d58a782a4eef
*** Element info: {Using=name, value=password}
	at org.openqa.selenium.remote.ErrorHandler.createThrowable(ErrorHandler.java:214)
	at org.openqa.selenium.remote.ErrorHandler.throwIfResponseFailed(ErrorHandler.java:166)
	at org.openqa.selenium.remote.http.JsonHttpResponseCodec.reconstructValue(JsonHttpResponseCodec.java:40)
	at org.openqa.selenium.remote.http.AbstractHttpResponseCodec.decode(AbstractHttpResponseCodec.java:80)
	at org.openqa.selenium.remote.http.AbstractHttpResponseCodec.decode(AbstractHttpResponseCodec.java:44)
	at org.openqa.selenium.remote.HttpCommandExecutor.execute(HttpCommandExecutor.java:164)
	at org.openqa.selenium.remote.service.DriverCommandExecutor.execute(DriverCommandExecutor.java:83)
	at org.openqa.selenium.remote.RemoteWebDriver.execute(RemoteWebDriver.java:600)
	at org.openqa.selenium.remote.RemoteWebDriver.findElement(RemoteWebDriver.java:370)
	at org.openqa.selenium.remote.RemoteWebDriver.findElementByName(RemoteWebDriver.java:448)
	at org.openqa.selenium.By$ByName.findElement(By.java:303)
	at org.openqa.selenium.remote.RemoteWebDriver.findElement(RemoteWebDriver.java:362)
	at org.openqa.selenium.support.pagefactory.DefaultElementLocator.findElement(DefaultElementLocator.java:69)
	at org.openqa.selenium.support.pagefactory.internal.LocatingElementHandler.invoke(LocatingElementHandler.java:38)
	at com.sun.proxy.$Proxy10.sendKeys(Unknown Source)
	at com.ys.h2hdrx.webmodule.UserLogin.doctorLogin(UserLogin.java:55)
	at com.ys.h2hdrx.webmodule.Allergies.beforeTest(Allergies.java:218)
... Removed 26 stack frames]]>
    </failure>
  </testcase> <!-- @BeforeTest beforeTest -->
  <testcase name="@BeforeTest beforeTest" time="0.0" classname="com.ys.h2hdrx.webmodule.Allergies">
    <skipped/>
  </testcase> <!-- @BeforeTest beforeTest -->
  <testcase name="@BeforeTest beforeTest" time="0.0" classname="com.ys.h2hdrx.webmodule.Allergies">
    <skipped/>
  </testcase> <!-- @BeforeTest beforeTest -->
  <testcase name="@BeforeTest beforeTest" time="0.0" classname="com.ys.h2hdrx.webmodule.Allergies">
    <skipped/>
  </testcase> <!-- @BeforeTest beforeTest -->
  <testcase name="@BeforeTest beforetest" time="0.0" classname="com.ys.h2hdrx.webmodule.Allergies">
    <skipped/>
  </testcase> <!-- @BeforeTest beforetest -->
  <testcase name="@AfterTest afterTest" time="0.0" classname="com.ys.h2hdrx.webmodule.Allergies">
    <skipped/>
  </testcase> <!-- @AfterTest afterTest -->
  <testcase name="@AfterTest afterTest" time="0.0" classname="com.ys.h2hdrx.webmodule.Allergies">
    <skipped/>
  </testcase> <!-- @AfterTest afterTest -->
  <testcase name="@AfterTest afterTest" time="0.0" classname="com.ys.h2hdrx.webmodule.Allergies">
    <skipped/>
  </testcase> <!-- @AfterTest afterTest -->
  <testcase name="@AfterTest afterTest" time="0.0" classname="com.ys.h2hdrx.webmodule.Allergies">
    <skipped/>
  </testcase> <!-- @AfterTest afterTest -->
  <testcase name="@AfterTest afterTest" time="0.0" classname="com.ys.h2hdrx.webmodule.Allergies">
    <skipped/>
  </testcase> <!-- @AfterTest afterTest -->
  <testcase name="doctorLogin" time="0.003" classname="com.ys.h2hdrx.webmodule.UserLogin">
    <skipped/>
  </testcase> <!-- doctorLogin -->
  <testcase name="patientSearch" time="0.003" classname="com.ys.h2hdrx.webmodule.PatientSearch">
    <skipped/>
  </testcase> <!-- patientSearch -->
  <testcase name="Confirmprescription" time="0.002" classname="com.ys.h2hdrx.webmodule.Rxpad">
    <skipped/>
  </testcase> <!-- Confirmprescription -->
  <testcase name="sendtopharmacy" time="0.005" classname="com.ys.h2hdrx.webmodule.Rxpad">
    <skipped/>
  </testcase> <!-- sendtopharmacy -->
  <testcase name="pbm" time="0.002" classname="com.ys.h2hdrx.webmodule.SSMedicationhistory">
    <skipped/>
  </testcase> <!-- pbm -->
  <testcase name="fills" time="0.002" classname="com.ys.h2hdrx.webmodule.SSMedicationhistory">
    <skipped/>
  </testcase> <!-- fills -->
  <testcase name="allergies_add" time="0.003" classname="com.ys.h2hdrx.webmodule.Allergies">
    <skipped/>
  </testcase> <!-- allergies_add -->
  <testcase name="allergies_addreaction" time="0.003" classname="com.ys.h2hdrx.webmodule.Allergies">
    <skipped/>
  </testcase> <!-- allergies_addreaction -->
  <testcase name="allergies_edit" time="0.003" classname="com.ys.h2hdrx.webmodule.Allergies">
    <skipped/>
  </testcase> <!-- allergies_edit -->
  <testcase name="allergies_inactive" time="0.002" classname="com.ys.h2hdrx.webmodule.Allergies">
    <skipped/>
  </testcase> <!-- allergies_inactive -->
</testsuite> <!-- Test -->
