<html>
<head>
<title>TestNG:  Test</title>
<link href="../testng.css" rel="stylesheet" type="text/css" />
<link href="../my-testng.css" rel="stylesheet" type="text/css" />

<style type="text/css">
.log { display: none;} 
.stack-trace { display: none;} 
</style>
<script type="text/javascript">
<!--
function flip(e) {
  current = e.style.display;
  if (current == 'block') {
    e.style.display = 'none';
    return 0;
  }
  else {
    e.style.display = 'block';
    return 1;
  }
}

function toggleBox(szDivId, elem, msg1, msg2)
{
  var res = -1;  if (document.getElementById) {
    res = flip(document.getElementById(szDivId));
  }
  else if (document.all) {
    // this is the way old msie versions work
    res = flip(document.all[szDivId]);
  }
  if(elem) {
    if(res == 0) elem.innerHTML = msg1; else elem.innerHTML = msg2;
  }

}

function toggleAllBoxes() {
  if (document.getElementsByTagName) {
    d = document.getElementsByTagName('div');
    for (i = 0; i < d.length; i++) {
      if (d[i].className == 'log') {
        flip(d[i]);
      }
    }
  }
}

// -->
</script>

</head>
<body>
<h2 align='center'>Test</h2><table border='1' align="center">
<tr>
<td>Tests passed/Failed/Skipped:</td><td>0/0/10</td>
</tr><tr>
<td>Started on:</td><td>Mon Apr 29 18:03:51 IST 2019</td>
</tr>
<tr><td>Total time:</td><td>9 seconds (9699 ms)</td>
</tr><tr>
<td>Included groups:</td><td></td>
</tr><tr>
<td>Excluded groups:</td><td></td>
</tr>
</table><p/>
<small><i>(Hover the method name to see the test class name)</i></small><p/>
<table width='100%' border='1' class='invocation-failed'>
<tr><td colspan='4' align='center'><b>FAILED CONFIGURATIONS</b></td></tr>
<tr><td><b>Test method</b></td>
<td width="30%"><b>Exception</b></td>
<td width="10%"><b>Time (seconds)</b></td>
<td><b>Instance</b></td>
</tr>
<tr>
<td title='com.ys.h2hdrx.webmodule.Allergies.beforeTest()'><b>beforeTest</b><br>Test class: com.ys.h2hdrx.webmodule.Allergies</td>
<td><div><pre>org.openqa.selenium.NoSuchWindowException: no such window: target window already closed
from unknown error: web view not found
  (Session info: chrome=73.0.3683.103)
  (Driver info: chromedriver=2.45.615291 (ec3682e3c9061c10f26ea9e5cdcf3c53f3f74387),platform=Windows NT 10.0.17134 x86_64) (WARNING: The server did not provide any stacktrace information)
Command duration or timeout: 0 milliseconds
Build info: version: &apos;3.7.1&apos;, revision: &apos;8a0099a&apos;, time: &apos;2017-11-06T21:01:39.354Z&apos;
System info: host: &apos;RSTL006-PC&apos;, ip: &apos;169.254.125.23&apos;, os.name: &apos;Windows 8.1&apos;, os.arch: &apos;amd64&apos;, os.version: &apos;6.3&apos;, java.version: &apos;1.8.0_25&apos;
Driver info: org.openqa.selenium.chrome.ChromeDriver
Capabilities {acceptInsecureCerts: false, acceptSslCerts: false, applicationCacheEnabled: false, browserConnectionEnabled: false, browserName: chrome, chrome: {chromedriverVersion: 2.45.615291 (ec3682e3c9061c..., userDataDir: C:\Users\rstl006\AppData\Lo...}, cssSelectorsEnabled: true, databaseEnabled: false, goog:chromeOptions: {debuggerAddress: localhost:61935}, handlesAlerts: true, hasTouchScreen: false, javascriptEnabled: true, locationContextEnabled: true, mobileEmulationEnabled: false, nativeEvents: true, networkConnectionEnabled: false, pageLoadStrategy: normal, platform: XP, platformName: XP, proxy: Proxy(), rotatable: false, setWindowRect: true, strictFileInteractability: false, takesHeapSnapshot: true, takesScreenshot: true, timeouts: {implicit: 0, pageLoad: 300000, script: 30000}, unexpectedAlertBehaviour: ignore, unhandledPromptBehavior: ignore, version: 73.0.3683.103, webStorageEnabled: true}
Session ID: 54c22c02e53a069095f4d58a782a4eef
*** Element info: {Using=name, value=password}
	at org.openqa.selenium.remote.ErrorHandler.createThrowable(ErrorHandler.java:214)
	at org.openqa.selenium.remote.ErrorHandler.throwIfResponseFailed(ErrorHandler.java:166)
	at org.openqa.selenium.remote.http.JsonHttpResponseCodec.reconstructValue(JsonHttpResponseCodec.java:40)
	at org.openqa.selenium.remote.http.AbstractHttpResponseCodec.decode(AbstractHttpResponseCodec.java:80)
	at org.openqa.selenium.remote.http.AbstractHttpResponseCodec.decode(AbstractHttpResponseCodec.java:44)
	at org.openqa.selenium.remote.HttpCommandExecutor.execute(HttpCommandExecutor.java:164)
	at org.openqa.selenium.remote.service.DriverCommandExecutor.execute(DriverCommandExecutor.java:83)
	at org.openqa.selenium.remote.RemoteWebDriver.execute(RemoteWebDriver.java:600)
	at org.openqa.selenium.remote.RemoteWebDriver.findElement(RemoteWebDriver.java:370)
	at org.openqa.selenium.remote.RemoteWebDriver.findElementByName(RemoteWebDriver.java:448)
	at org.openqa.selenium.By$ByName.findElement(By.java:303)
	at org.openqa.selenium.remote.RemoteWebDriver.findElement(RemoteWebDriver.java:362)
	at org.openqa.selenium.support.pagefactory.DefaultElementLocator.findElement(DefaultElementLocator.java:69)
	at org.openqa.selenium.support.pagefactory.internal.LocatingElementHandler.invoke(LocatingElementHandler.java:38)
	at com.sun.proxy.$Proxy10.sendKeys(Unknown Source)
	at com.ys.h2hdrx.webmodule.UserLogin.doctorLogin(UserLogin.java:55)
	at com.ys.h2hdrx.webmodule.Allergies.beforeTest(Allergies.java:218)
... Removed 26 stack frames</pre></div><a href='#' onClick='toggleBox("stack-trace500618423", this, "Click to show all stack frames", "Click to hide stack frames")'>Click to show all stack frames</a>
<div class='stack-trace' id='stack-trace500618423'><pre>org.openqa.selenium.NoSuchWindowException: no such window: target window already closed
from unknown error: web view not found
  (Session info: chrome=73.0.3683.103)
  (Driver info: chromedriver=2.45.615291 (ec3682e3c9061c10f26ea9e5cdcf3c53f3f74387),platform=Windows NT 10.0.17134 x86_64) (WARNING: The server did not provide any stacktrace information)
Command duration or timeout: 0 milliseconds
Build info: version: &apos;3.7.1&apos;, revision: &apos;8a0099a&apos;, time: &apos;2017-11-06T21:01:39.354Z&apos;
System info: host: &apos;RSTL006-PC&apos;, ip: &apos;169.254.125.23&apos;, os.name: &apos;Windows 8.1&apos;, os.arch: &apos;amd64&apos;, os.version: &apos;6.3&apos;, java.version: &apos;1.8.0_25&apos;
Driver info: org.openqa.selenium.chrome.ChromeDriver
Capabilities {acceptInsecureCerts: false, acceptSslCerts: false, applicationCacheEnabled: false, browserConnectionEnabled: false, browserName: chrome, chrome: {chromedriverVersion: 2.45.615291 (ec3682e3c9061c..., userDataDir: C:\Users\rstl006\AppData\Lo...}, cssSelectorsEnabled: true, databaseEnabled: false, goog:chromeOptions: {debuggerAddress: localhost:61935}, handlesAlerts: true, hasTouchScreen: false, javascriptEnabled: true, locationContextEnabled: true, mobileEmulationEnabled: false, nativeEvents: true, networkConnectionEnabled: false, pageLoadStrategy: normal, platform: XP, platformName: XP, proxy: Proxy(), rotatable: false, setWindowRect: true, strictFileInteractability: false, takesHeapSnapshot: true, takesScreenshot: true, timeouts: {implicit: 0, pageLoad: 300000, script: 30000}, unexpectedAlertBehaviour: ignore, unhandledPromptBehavior: ignore, version: 73.0.3683.103, webStorageEnabled: true}
Session ID: 54c22c02e53a069095f4d58a782a4eef
*** Element info: {Using=name, value=password}
	at sun.reflect.NativeConstructorAccessorImpl.newInstance0(Native Method)
	at sun.reflect.NativeConstructorAccessorImpl.newInstance(NativeConstructorAccessorImpl.java:62)
	at sun.reflect.DelegatingConstructorAccessorImpl.newInstance(DelegatingConstructorAccessorImpl.java:45)
	at java.lang.reflect.Constructor.newInstance(Constructor.java:408)
	at org.openqa.selenium.remote.ErrorHandler.createThrowable(ErrorHandler.java:214)
	at org.openqa.selenium.remote.ErrorHandler.throwIfResponseFailed(ErrorHandler.java:166)
	at org.openqa.selenium.remote.http.JsonHttpResponseCodec.reconstructValue(JsonHttpResponseCodec.java:40)
	at org.openqa.selenium.remote.http.AbstractHttpResponseCodec.decode(AbstractHttpResponseCodec.java:80)
	at org.openqa.selenium.remote.http.AbstractHttpResponseCodec.decode(AbstractHttpResponseCodec.java:44)
	at org.openqa.selenium.remote.HttpCommandExecutor.execute(HttpCommandExecutor.java:164)
	at org.openqa.selenium.remote.service.DriverCommandExecutor.execute(DriverCommandExecutor.java:83)
	at org.openqa.selenium.remote.RemoteWebDriver.execute(RemoteWebDriver.java:600)
	at org.openqa.selenium.remote.RemoteWebDriver.findElement(RemoteWebDriver.java:370)
	at org.openqa.selenium.remote.RemoteWebDriver.findElementByName(RemoteWebDriver.java:448)
	at org.openqa.selenium.By$ByName.findElement(By.java:303)
	at org.openqa.selenium.remote.RemoteWebDriver.findElement(RemoteWebDriver.java:362)
	at org.openqa.selenium.support.pagefactory.DefaultElementLocator.findElement(DefaultElementLocator.java:69)
	at org.openqa.selenium.support.pagefactory.internal.LocatingElementHandler.invoke(LocatingElementHandler.java:38)
	at com.sun.proxy.$Proxy10.sendKeys(Unknown Source)
	at com.ys.h2hdrx.webmodule.UserLogin.doctorLogin(UserLogin.java:55)
	at com.ys.h2hdrx.webmodule.Allergies.beforeTest(Allergies.java:218)
	at sun.reflect.NativeMethodAccessorImpl.invoke0(Native Method)
	at sun.reflect.NativeMethodAccessorImpl.invoke(NativeMethodAccessorImpl.java:62)
	at sun.reflect.DelegatingMethodAccessorImpl.invoke(DelegatingMethodAccessorImpl.java:43)
	at java.lang.reflect.Method.invoke(Method.java:483)
	at org.testng.internal.MethodInvocationHelper.invokeMethod(MethodInvocationHelper.java:86)
	at org.testng.internal.Invoker.invokeConfigurationMethod(Invoker.java:514)
	at org.testng.internal.Invoker.invokeConfigurations(Invoker.java:215)
	at org.testng.internal.Invoker.invokeConfigurations(Invoker.java:142)
	at org.testng.TestRunner.beforeRun(TestRunner.java:656)
	at org.testng.TestRunner.run(TestRunner.java:624)
	at org.testng.SuiteRunner.runTest(SuiteRunner.java:366)
	at org.testng.SuiteRunner.runSequentially(SuiteRunner.java:361)
	at org.testng.SuiteRunner.privateRun(SuiteRunner.java:319)
	at org.testng.SuiteRunner.run(SuiteRunner.java:268)
	at org.testng.SuiteRunnerWorker.runSuite(SuiteRunnerWorker.java:52)
	at org.testng.SuiteRunnerWorker.run(SuiteRunnerWorker.java:86)
	at org.testng.TestNG.runSuitesSequentially(TestNG.java:1244)
	at org.testng.TestNG.runSuitesLocally(TestNG.java:1169)
	at org.testng.TestNG.run(TestNG.java:1064)
	at org.testng.remote.AbstractRemoteTestNG.run(AbstractRemoteTestNG.java:114)
	at org.testng.remote.RemoteTestNG.initAndRun(RemoteTestNG.java:251)
	at org.testng.remote.RemoteTestNG.main(RemoteTestNG.java:77)
</pre></div></td>
<td>0</td>
<td>null</td></tr>
</table><p>
<table width='100%' border='1' class='invocation-skipped'>
<tr><td colspan='4' align='center'><b>SKIPPED CONFIGURATIONS</b></td></tr>
<tr><td><b>Test method</b></td>
<td width="30%"><b>Exception</b></td>
<td width="10%"><b>Time (seconds)</b></td>
<td><b>Instance</b></td>
</tr>
<tr>
<td title='com.ys.h2hdrx.webmodule.Allergies.beforeTest()'><b>beforeTest</b><br>Test class: com.ys.h2hdrx.webmodule.Allergies</td>
<td></td>
<td>0</td>
<td>null</td></tr>
<tr>
<td title='com.ys.h2hdrx.webmodule.Allergies.beforeTest()'><b>beforeTest</b><br>Test class: com.ys.h2hdrx.webmodule.Allergies</td>
<td></td>
<td>0</td>
<td>null</td></tr>
<tr>
<td title='com.ys.h2hdrx.webmodule.Allergies.beforeTest()'><b>beforeTest</b><br>Test class: com.ys.h2hdrx.webmodule.Allergies</td>
<td></td>
<td>0</td>
<td>null</td></tr>
<tr>
<td title='com.ys.h2hdrx.webmodule.Allergies.beforetest()'><b>beforetest</b><br>Test class: com.ys.h2hdrx.webmodule.Allergies</td>
<td></td>
<td>0</td>
<td>null</td></tr>
<tr>
<td title='com.ys.h2hdrx.webmodule.Allergies.afterTest()'><b>afterTest</b><br>Test class: com.ys.h2hdrx.webmodule.Allergies</td>
<td></td>
<td>0</td>
<td>null</td></tr>
<tr>
<td title='com.ys.h2hdrx.webmodule.Allergies.afterTest()'><b>afterTest</b><br>Test class: com.ys.h2hdrx.webmodule.Allergies</td>
<td></td>
<td>0</td>
<td>null</td></tr>
<tr>
<td title='com.ys.h2hdrx.webmodule.Allergies.afterTest()'><b>afterTest</b><br>Test class: com.ys.h2hdrx.webmodule.Allergies</td>
<td></td>
<td>0</td>
<td>null</td></tr>
<tr>
<td title='com.ys.h2hdrx.webmodule.Allergies.afterTest()'><b>afterTest</b><br>Test class: com.ys.h2hdrx.webmodule.Allergies</td>
<td></td>
<td>0</td>
<td>null</td></tr>
<tr>
<td title='com.ys.h2hdrx.webmodule.Allergies.afterTest()'><b>afterTest</b><br>Test class: com.ys.h2hdrx.webmodule.Allergies</td>
<td></td>
<td>0</td>
<td>null</td></tr>
</table><p>
<table width='100%' border='1' class='invocation-skipped'>
<tr><td colspan='4' align='center'><b>SKIPPED TESTS</b></td></tr>
<tr><td><b>Test method</b></td>
<td width="30%"><b>Exception</b></td>
<td width="10%"><b>Time (seconds)</b></td>
<td><b>Instance</b></td>
</tr>
<tr>
<td title='com.ys.h2hdrx.webmodule.Rxpad.Confirmprescription()'><b>Confirmprescription</b><br>Test class: com.ys.h2hdrx.webmodule.Rxpad</td>
<td></td>
<td>0</td>
<td>com.ys.h2hdrx.webmodule.Rxpad@53b32d7</td></tr>
<tr>
<td title='com.ys.h2hdrx.webmodule.Allergies.allergies_add()'><b>allergies_add</b><br>Test class: com.ys.h2hdrx.webmodule.Allergies</td>
<td></td>
<td>0</td>
<td>com.ys.h2hdrx.webmodule.Allergies@548e7350</td></tr>
<tr>
<td title='com.ys.h2hdrx.webmodule.Allergies.allergies_addreaction()'><b>allergies_addreaction</b><br>Test class: com.ys.h2hdrx.webmodule.Allergies</td>
<td></td>
<td>0</td>
<td>com.ys.h2hdrx.webmodule.Allergies@548e7350</td></tr>
<tr>
<td title='com.ys.h2hdrx.webmodule.Allergies.allergies_edit()'><b>allergies_edit</b><br>Test class: com.ys.h2hdrx.webmodule.Allergies</td>
<td></td>
<td>0</td>
<td>com.ys.h2hdrx.webmodule.Allergies@548e7350</td></tr>
<tr>
<td title='com.ys.h2hdrx.webmodule.Allergies.allergies_inactive()'><b>allergies_inactive</b><br>Test class: com.ys.h2hdrx.webmodule.Allergies</td>
<td></td>
<td>0</td>
<td>com.ys.h2hdrx.webmodule.Allergies@548e7350</td></tr>
<tr>
<td title='com.ys.h2hdrx.webmodule.UserLogin.doctorLogin()'><b>doctorLogin</b><br>Test class: com.ys.h2hdrx.webmodule.UserLogin<br>Parameters: MIDANAR001, Pass@123</td>
<td></td>
<td>0</td>
<td>com.ys.h2hdrx.webmodule.UserLogin@57baeedf</td></tr>
<tr>
<td title='com.ys.h2hdrx.webmodule.SSMedicationhistory.fills()'><b>fills</b><br>Test class: com.ys.h2hdrx.webmodule.SSMedicationhistory</td>
<td></td>
<td>0</td>
<td>com.ys.h2hdrx.webmodule.SSMedicationhistory@5442a311</td></tr>
<tr>
<td title='com.ys.h2hdrx.webmodule.PatientSearch.patientSearch()'><b>patientSearch</b><br>Test class: com.ys.h2hdrx.webmodule.PatientSearch</td>
<td></td>
<td>0</td>
<td>com.ys.h2hdrx.webmodule.PatientSearch@343f4d3d</td></tr>
<tr>
<td title='com.ys.h2hdrx.webmodule.SSMedicationhistory.pbm()'><b>pbm</b><br>Test class: com.ys.h2hdrx.webmodule.SSMedicationhistory</td>
<td></td>
<td>0</td>
<td>com.ys.h2hdrx.webmodule.SSMedicationhistory@5442a311</td></tr>
<tr>
<td title='com.ys.h2hdrx.webmodule.Rxpad.sendtopharmacy()'><b>sendtopharmacy</b><br>Test class: com.ys.h2hdrx.webmodule.Rxpad</td>
<td></td>
<td>0</td>
<td>com.ys.h2hdrx.webmodule.Rxpad@53b32d7</td></tr>
</table><p>
</body>
</html>