<?xml version="1.0" encoding="UTF-8"?>
<!-- Generated by org.testng.reporters.JUnitXMLReporter -->
<testsuite hostname="rstl006-pc" ignored="66" name="web" tests="7" failures="0" timestamp="07 Mar 2019 08:33:46 GMT" time="32.875" errors="0">
  <testcase name="@BeforeTest beforeTest" time="24.591" classname="com.ys.h2hdrx.webmodule.Allergies">
    <failure type="org.openqa.selenium.NoSuchElementException" message="no such element: Unable to locate element: {&amp;quot;method&amp;quot;:&amp;quot;xpath&amp;quot;,&amp;quot;selector&amp;quot;:&amp;quot;//*[@id=&amp;apos;divPasswordChange&amp;apos;]/table[1]/tbody/tr/td/b&amp;quot;}
  (Session info: chrome=72.0.3626.119)
  (Driver info: chromedriver=2.45.615291 (ec3682e3c9061c10f26ea9e5cdcf3c53f3f74387),platform=Windows NT 10.0.17134 x86_64) (WARNING: The server did not provide any stacktrace information)
Command duration or timeout: 0 milliseconds
For documentation on this error, please visit: http://seleniumhq.org/exceptions/no_such_element.html
Build info: version: &amp;apos;3.7.1&amp;apos;, revision: &amp;apos;8a0099a&amp;apos;, time: &amp;apos;2017-11-06T21:01:39.354Z&amp;apos;
System info: host: &amp;apos;RSTL006-PC&amp;apos;, ip: &amp;apos;192.168.50.80&amp;apos;, os.name: &amp;apos;Windows 8.1&amp;apos;, os.arch: &amp;apos;amd64&amp;apos;, os.version: &amp;apos;6.3&amp;apos;, java.version: &amp;apos;1.8.0_25&amp;apos;
Driver info: org.openqa.selenium.chrome.ChromeDriver
Capabilities {acceptInsecureCerts: false, acceptSslCerts: false, applicationCacheEnabled: false, browserConnectionEnabled: false, browserName: chrome, chrome: {chromedriverVersion: 2.45.615291 (ec3682e3c9061c..., userDataDir: C:\Users\rstl006\AppData\Lo...}, cssSelectorsEnabled: true, databaseEnabled: false, goog:chromeOptions: {debuggerAddress: localhost:62057}, handlesAlerts: true, hasTouchScreen: false, javascriptEnabled: true, locationContextEnabled: true, mobileEmulationEnabled: false, nativeEvents: true, networkConnectionEnabled: false, pageLoadStrategy: normal, platform: XP, platformName: XP, proxy: Proxy(), rotatable: false, setWindowRect: true, strictFileInteractability: false, takesHeapSnapshot: true, takesScreenshot: true, timeouts: {implicit: 0, pageLoad: 300000, script: 30000}, unexpectedAlertBehaviour: ignore, unhandledPromptBehavior: ignore, version: 72.0.3626.119, webStorageEnabled: true}
Session ID: e3b33ad79144c2f1eee1f3a5a0ccf6da
*** Element info: {Using=xpath, value=//*[@id=&amp;apos;divPasswordChange&amp;apos;]/table[1]/tbody/tr/td/b}">
      <![CDATA[org.openqa.selenium.NoSuchElementException: no such element: Unable to locate element: {"method":"xpath","selector":"//*[@id='divPasswordChange']/table[1]/tbody/tr/td/b"}
  (Session info: chrome=72.0.3626.119)
  (Driver info: chromedriver=2.45.615291 (ec3682e3c9061c10f26ea9e5cdcf3c53f3f74387),platform=Windows NT 10.0.17134 x86_64) (WARNING: The server did not provide any stacktrace information)
Command duration or timeout: 0 milliseconds
For documentation on this error, please visit: http://seleniumhq.org/exceptions/no_such_element.html
Build info: version: '3.7.1', revision: '8a0099a', time: '2017-11-06T21:01:39.354Z'
System info: host: 'RSTL006-PC', ip: '192.168.50.80', os.name: 'Windows 8.1', os.arch: 'amd64', os.version: '6.3', java.version: '1.8.0_25'
Driver info: org.openqa.selenium.chrome.ChromeDriver
Capabilities {acceptInsecureCerts: false, acceptSslCerts: false, applicationCacheEnabled: false, browserConnectionEnabled: false, browserName: chrome, chrome: {chromedriverVersion: 2.45.615291 (ec3682e3c9061c..., userDataDir: C:\Users\rstl006\AppData\Lo...}, cssSelectorsEnabled: true, databaseEnabled: false, goog:chromeOptions: {debuggerAddress: localhost:62057}, handlesAlerts: true, hasTouchScreen: false, javascriptEnabled: true, locationContextEnabled: true, mobileEmulationEnabled: false, nativeEvents: true, networkConnectionEnabled: false, pageLoadStrategy: normal, platform: XP, platformName: XP, proxy: Proxy(), rotatable: false, setWindowRect: true, strictFileInteractability: false, takesHeapSnapshot: true, takesScreenshot: true, timeouts: {implicit: 0, pageLoad: 300000, script: 30000}, unexpectedAlertBehaviour: ignore, unhandledPromptBehavior: ignore, version: 72.0.3626.119, webStorageEnabled: true}
Session ID: e3b33ad79144c2f1eee1f3a5a0ccf6da
*** Element info: {Using=xpath, value=//*[@id='divPasswordChange']/table[1]/tbody/tr/td/b}
at org.openqa.selenium.remote.ErrorHandler.createThrowable(ErrorHandler.java:214)
at org.openqa.selenium.remote.ErrorHandler.throwIfResponseFailed(ErrorHandler.java:166)
at org.openqa.selenium.remote.http.JsonHttpResponseCodec.reconstructValue(JsonHttpResponseCodec.java:40)
at org.openqa.selenium.remote.http.AbstractHttpResponseCodec.decode(AbstractHttpResponseCodec.java:80)
at org.openqa.selenium.remote.http.AbstractHttpResponseCodec.decode(AbstractHttpResponseCodec.java:44)
at org.openqa.selenium.remote.HttpCommandExecutor.execute(HttpCommandExecutor.java:164)
at org.openqa.selenium.remote.service.DriverCommandExecutor.execute(DriverCommandExecutor.java:83)
at org.openqa.selenium.remote.RemoteWebDriver.execute(RemoteWebDriver.java:600)
at org.openqa.selenium.remote.RemoteWebDriver.findElement(RemoteWebDriver.java:370)
at org.openqa.selenium.remote.RemoteWebDriver.findElementByXPath(RemoteWebDriver.java:472)
at org.openqa.selenium.By$ByXPath.findElement(By.java:361)
at org.openqa.selenium.remote.RemoteWebDriver.findElement(RemoteWebDriver.java:362)
at org.openqa.selenium.support.pagefactory.DefaultElementLocator.findElement(DefaultElementLocator.java:69)
at org.openqa.selenium.support.pagefactory.internal.LocatingElementHandler.invoke(LocatingElementHandler.java:38)
at com.sun.proxy.$Proxy10.getText(Unknown Source)
at com.ys.h2hdrx.webmodule.Webmoduleobjects.pswdchange_txt(Webmoduleobjects.java:113)
at com.ys.h2hdrx.webmodule.UserLogin.doctorLogin(UserLogin.java:135)
at com.ys.h2hdrx.webmodule.Allergies.beforeTest(Allergies.java:44)
... Removed 28 stack frames]]>
    </failure>
  </testcase> <!-- @BeforeTest beforeTest -->
  <testcase name="@BeforeTest beforeTest" time="0.0" classname="com.ys.h2hdrx.webmodule.PatientSearch">
    <skipped/>
  </testcase> <!-- @BeforeTest beforeTest -->
  <testcase name="@AfterTest afterTest" time="0.0" classname="com.ys.h2hdrx.webmodule.Allergies">
    <skipped/>
  </testcase> <!-- @AfterTest afterTest -->
  <testcase name="@AfterTest afterTest" time="0.0" classname="com.ys.h2hdrx.webmodule.DoctorSavedPrescription">
    <skipped/>
  </testcase> <!-- @AfterTest afterTest -->
  <testcase name="@AfterTest afterTest" time="0.0" classname="com.ys.h2hdrx.webmodule.Myprofile">
    <skipped/>
  </testcase> <!-- @AfterTest afterTest -->
  <testcase name="@AfterTest afterTest" time="0.0" classname="com.ys.h2hdrx.webmodule.Myprofile_favouritedrug">
    <skipped/>
  </testcase> <!-- @AfterTest afterTest -->
  <testcase name="@AfterTest afterTest" time="0.0" classname="com.ys.h2hdrx.webmodule.Myprofile_staffautorization">
    <skipped/>
  </testcase> <!-- @AfterTest afterTest -->
  <testcase name="@AfterTest afterTest" time="0.0" classname="com.ys.h2hdrx.webmodule.PatientSearch">
    <skipped/>
  </testcase> <!-- @AfterTest afterTest -->
  <testcase name="@AfterTest afterTest" time="0.0" classname="com.ys.h2hdrx.webmodule.Practicefavoritedrug">
    <skipped/>
  </testcase> <!-- @AfterTest afterTest -->
  <testcase name="doctorLogin" time="0.0" classname="com.ys.h2hdrx.webmodule.UserLogin">
    <skipped/>
  </testcase> <!-- doctorLogin -->
  <testcase name="doctorLogin" time="0.0" classname="com.ys.h2hdrx.webmodule.UserLogin">
    <skipped/>
  </testcase> <!-- doctorLogin -->
  <testcase name="changePassword" time="0.0" classname="com.ys.h2hdrx.webmodule.Admin_ChangePassword">
    <skipped/>
  </testcase> <!-- changePassword -->
  <testcase name="doctorLogin" time="0.0" classname="com.ys.h2hdrx.webmodule.UserLogin">
    <skipped/>
  </testcase> <!-- doctorLogin -->
  <testcase name="doctorLogin" time="0.0" classname="com.ys.h2hdrx.webmodule.UserLogin">
    <skipped/>
  </testcase> <!-- doctorLogin -->
  <testcase name="doctorLogin" time="0.0" classname="com.ys.h2hdrx.webmodule.UserLogin">
    <skipped/>
  </testcase> <!-- doctorLogin -->
  <testcase name="doctorLogin" time="0.0" classname="com.ys.h2hdrx.webmodule.UserLogin">
    <skipped/>
  </testcase> <!-- doctorLogin -->
  <testcase name="Confirmprescription" time="0.0" classname="com.ys.h2hdrx.webmodule.MedicationHistory">
    <ignored/>
  </testcase> <!-- Confirmprescription -->
  <testcase name="@BeforeTest beforeTest" time="0.0" classname="com.ys.h2hdrx.webmodule.Multipledrugs">
    <ignored/>
  </testcase> <!-- @BeforeTest beforeTest -->
  <testcase name="@AfterTest afterTest" time="0.0" classname="com.ys.h2hdrx.webmodule.PatientSearch">
    <ignored/>
  </testcase> <!-- @AfterTest afterTest -->
  <testcase name="@AfterTest afterTest" time="0.0" classname="com.ys.h2hdrx.webmodule.PatientSearch">
    <ignored/>
  </testcase> <!-- @AfterTest afterTest -->
  <testcase name="@AfterTest afterTest" time="0.0" classname="com.ys.h2hdrx.webmodule.PatientSearch">
    <ignored/>
  </testcase> <!-- @AfterTest afterTest -->
  <testcase name="@BeforeTest beforeTest" time="0.0" classname="com.ys.h2hdrx.webmodule.Print">
    <ignored/>
  </testcase> <!-- @BeforeTest beforeTest -->
  <testcase name="tryPassScreenshot" time="0.0" classname="com.ys.h2hdrx.webmodule.PatientSearch">
    <ignored/>
  </testcase> <!-- tryPassScreenshot -->
  <testcase name="tryPassScreenshot" time="0.0" classname="com.ys.h2hdrx.webmodule.PatientSearch">
    <ignored/>
  </testcase> <!-- tryPassScreenshot -->
  <testcase name="tryPassScreenshot" time="0.0" classname="com.ys.h2hdrx.webmodule.PatientSearch">
    <ignored/>
  </testcase> <!-- tryPassScreenshot -->
  <testcase name="tryPassScreenshot" time="0.0" classname="com.ys.h2hdrx.webmodule.PatientSearch">
    <ignored/>
  </testcase> <!-- tryPassScreenshot -->
  <testcase name="tryPassScreenshot" time="0.0" classname="com.ys.h2hdrx.webmodule.PatientSearch">
    <ignored/>
  </testcase> <!-- tryPassScreenshot -->
  <testcase name="tryPassScreenshot" time="0.0" classname="com.ys.h2hdrx.webmodule.PatientSearch">
    <ignored/>
  </testcase> <!-- tryPassScreenshot -->
  <testcase name="tryPassScreenshot" time="0.0" classname="com.ys.h2hdrx.webmodule.PatientSearch">
    <ignored/>
  </testcase> <!-- tryPassScreenshot -->
  <testcase name="tryPassScreenshot" time="0.0" classname="com.ys.h2hdrx.webmodule.PatientSearch">
    <ignored/>
  </testcase> <!-- tryPassScreenshot -->
  <testcase name="tryPassScreenshot" time="0.0" classname="com.ys.h2hdrx.webmodule.PatientSearch">
    <ignored/>
  </testcase> <!-- tryPassScreenshot -->
  <testcase name="tryPassScreenshot" time="0.0" classname="com.ys.h2hdrx.webmodule.PatientSearch">
    <ignored/>
  </testcase> <!-- tryPassScreenshot -->
  <testcase name="@AfterTest afterTest" time="0.0" classname="com.ys.h2hdrx.webmodule.Multipledrugs">
    <ignored/>
  </testcase> <!-- @AfterTest afterTest -->
  <testcase name="@AfterTest afterTest" time="0.0" classname="com.ys.h2hdrx.webmodule.Print">
    <ignored/>
  </testcase> <!-- @AfterTest afterTest -->
  <testcase name="tryPassScreenshot" time="0.0" classname="com.ys.h2hdrx.webmodule.UserLogin">
    <ignored/>
  </testcase> <!-- tryPassScreenshot -->
  <testcase name="tryPassScreenshot" time="0.0" classname="com.ys.h2hdrx.webmodule.UserLogin">
    <ignored/>
  </testcase> <!-- tryPassScreenshot -->
  <testcase name="tryPassScreenshot" time="0.0" classname="com.ys.h2hdrx.webmodule.UserLogin">
    <ignored/>
  </testcase> <!-- tryPassScreenshot -->
  <testcase name="tryPassScreenshot" time="0.0" classname="com.ys.h2hdrx.webmodule.UserLogin">
    <ignored/>
  </testcase> <!-- tryPassScreenshot -->
  <testcase name="tryPassScreenshot" time="0.0" classname="com.ys.h2hdrx.webmodule.UserLogin">
    <ignored/>
  </testcase> <!-- tryPassScreenshot -->
  <testcase name="tryPassScreenshot" time="0.0" classname="com.ys.h2hdrx.webmodule.UserLogin">
    <ignored/>
  </testcase> <!-- tryPassScreenshot -->
  <testcase name="@BeforeTest beforeTest" time="0.0" classname="com.ys.h2hdrx.webmodule.PatientSearch">
    <ignored/>
  </testcase> <!-- @BeforeTest beforeTest -->
  <testcase name="@BeforeTest beforeTest" time="0.0" classname="com.ys.h2hdrx.webmodule.PatientSearch">
    <ignored/>
  </testcase> <!-- @BeforeTest beforeTest -->
  <testcase name="@BeforeTest beforeTest" time="0.0" classname="com.ys.h2hdrx.webmodule.PatientSearch">
    <ignored/>
  </testcase> <!-- @BeforeTest beforeTest -->
  <testcase name="@BeforeTest beforetest" time="0.0" classname="com.ys.h2hdrx.webmodule.UserLogin">
    <ignored/>
  </testcase> <!-- @BeforeTest beforetest -->
  <testcase name="@BeforeTest beforetest" time="0.0" classname="com.ys.h2hdrx.webmodule.UserLogin">
    <ignored/>
  </testcase> <!-- @BeforeTest beforetest -->
  <testcase name="@BeforeTest beforetest" time="0.0" classname="com.ys.h2hdrx.webmodule.UserLogin">
    <ignored/>
  </testcase> <!-- @BeforeTest beforetest -->
  <testcase name="@BeforeTest beforetest" time="0.0" classname="com.ys.h2hdrx.webmodule.UserLogin">
    <ignored/>
  </testcase> <!-- @BeforeTest beforetest -->
  <testcase name="@BeforeTest beforetest" time="0.0" classname="com.ys.h2hdrx.webmodule.UserLogin">
    <ignored/>
  </testcase> <!-- @BeforeTest beforetest -->
  <testcase name="@AfterTest afterTest" time="0.0" classname="com.ys.h2hdrx.webmodule.PatientFavouriteDrug">
    <ignored/>
  </testcase> <!-- @AfterTest afterTest -->
  <testcase name="@BeforeTest beforeTest" time="0.0" classname="com.ys.h2hdrx.webmodule.Scheduledrug">
    <ignored/>
  </testcase> <!-- @BeforeTest beforeTest -->
  <testcase name="@AfterTest afterTest" time="0.0" classname="com.ys.h2hdrx.webmodule.Scheduledrug">
    <ignored/>
  </testcase> <!-- @AfterTest afterTest -->
  <testcase name="@BeforeTest beforeTest" time="0.0" classname="com.ys.h2hdrx.webmodule.PatientFavouriteDrug">
    <ignored/>
  </testcase> <!-- @BeforeTest beforeTest -->
  <testcase name="tryFailScreenshot" time="0.0" classname="com.ys.h2hdrx.webmodule.PatientSearch">
    <ignored/>
  </testcase> <!-- tryFailScreenshot -->
  <testcase name="tryFailScreenshot" time="0.0" classname="com.ys.h2hdrx.webmodule.PatientSearch">
    <ignored/>
  </testcase> <!-- tryFailScreenshot -->
  <testcase name="tryFailScreenshot" time="0.0" classname="com.ys.h2hdrx.webmodule.PatientSearch">
    <ignored/>
  </testcase> <!-- tryFailScreenshot -->
  <testcase name="tryFailScreenshot" time="0.0" classname="com.ys.h2hdrx.webmodule.PatientSearch">
    <ignored/>
  </testcase> <!-- tryFailScreenshot -->
  <testcase name="tryFailScreenshot" time="0.0" classname="com.ys.h2hdrx.webmodule.PatientSearch">
    <ignored/>
  </testcase> <!-- tryFailScreenshot -->
  <testcase name="tryFailScreenshot" time="0.0" classname="com.ys.h2hdrx.webmodule.PatientSearch">
    <ignored/>
  </testcase> <!-- tryFailScreenshot -->
  <testcase name="staffupadte" time="0.0" classname="com.ys.h2hdrx.webmodule.Myprofile_staffautorization">
    <ignored/>
  </testcase> <!-- staffupadte -->
  <testcase name="tryFailScreenshot" time="0.0" classname="com.ys.h2hdrx.webmodule.PatientSearch">
    <ignored/>
  </testcase> <!-- tryFailScreenshot -->
  <testcase name="tryFailScreenshot" time="0.0" classname="com.ys.h2hdrx.webmodule.PatientSearch">
    <ignored/>
  </testcase> <!-- tryFailScreenshot -->
  <testcase name="tryFailScreenshot" time="0.0" classname="com.ys.h2hdrx.webmodule.PatientSearch">
    <ignored/>
  </testcase> <!-- tryFailScreenshot -->
  <testcase name="tryFailScreenshot" time="0.0" classname="com.ys.h2hdrx.webmodule.PatientSearch">
    <ignored/>
  </testcase> <!-- tryFailScreenshot -->
  <testcase name="Myprofile" time="0.0" classname="com.ys.h2hdrx.webmodule.Myprofile">
    <ignored/>
  </testcase> <!-- Myprofile -->
  <testcase name="tryFailScreenshot" time="0.0" classname="com.ys.h2hdrx.webmodule.UserLogin">
    <ignored/>
  </testcase> <!-- tryFailScreenshot -->
  <testcase name="tryFailScreenshot" time="0.0" classname="com.ys.h2hdrx.webmodule.UserLogin">
    <ignored/>
  </testcase> <!-- tryFailScreenshot -->
  <testcase name="tryFailScreenshot" time="0.0" classname="com.ys.h2hdrx.webmodule.UserLogin">
    <ignored/>
  </testcase> <!-- tryFailScreenshot -->
  <testcase name="tryFailScreenshot" time="0.0" classname="com.ys.h2hdrx.webmodule.UserLogin">
    <ignored/>
  </testcase> <!-- tryFailScreenshot -->
  <testcase name="tryFailScreenshot" time="0.0" classname="com.ys.h2hdrx.webmodule.UserLogin">
    <ignored/>
  </testcase> <!-- tryFailScreenshot -->
  <testcase name="tryFailScreenshot" time="0.0" classname="com.ys.h2hdrx.webmodule.UserLogin">
    <ignored/>
  </testcase> <!-- tryFailScreenshot -->
  <testcase name="favouritedrug" time="0.0" classname="com.ys.h2hdrx.webmodule.Myprofile_favouritedrug">
    <ignored/>
  </testcase> <!-- favouritedrug -->
  <testcase name="ChangePassword" time="0.0" classname="com.ys.h2hdrx.webmodule.Myprofile">
    <ignored/>
  </testcase> <!-- ChangePassword -->
  <testcase name="@BeforeTest beforeTest" time="0.0" classname="com.ys.h2hdrx.webmodule.PatientSavedPrescription">
    <ignored/>
  </testcase> <!-- @BeforeTest beforeTest -->
  <testcase name="addclinic" time="0.0" classname="com.ys.h2hdrx.webmodule.Myprofile">
    <ignored/>
  </testcase> <!-- addclinic -->
  <testcase name="sendtopharmacy" time="0.0" classname="com.ys.h2hdrx.webmodule.Rxpad">
    <ignored/>
  </testcase> <!-- sendtopharmacy -->
  <testcase name="@AfterTest afterTest" time="0.0" classname="com.ys.h2hdrx.webmodule.PatientSavedPrescription">
    <ignored/>
  </testcase> <!-- @AfterTest afterTest -->
  <testcase name="drugcheckbox" time="0.0" classname="com.ys.h2hdrx.webmodule.MedicationHistory">
    <ignored/>
  </testcase> <!-- drugcheckbox -->
  <testcase name="@BeforeTest beforeTest" time="0.0" classname="com.ys.h2hdrx.webmodule.SSMedicationhistory">
    <ignored/>
  </testcase> <!-- @BeforeTest beforeTest -->
  <testcase name="Updatedrug" time="0.0" classname="com.ys.h2hdrx.webmodule.MedicationHistory">
    <ignored/>
  </testcase> <!-- Updatedrug -->
  <testcase name="PersonalProfile" time="0.0" classname="com.ys.h2hdrx.webmodule.Myprofile">
    <ignored/>
  </testcase> <!-- PersonalProfile -->
  <testcase name="@AfterTest afterTest" time="0.0" classname="com.ys.h2hdrx.webmodule.SSMedicationhistory">
    <ignored/>
  </testcase> <!-- @AfterTest afterTest -->
  <testcase name="addpracticelist" time="0.0" classname="com.ys.h2hdrx.webmodule.Myprofile_favouritedrug">
    <ignored/>
  </testcase> <!-- addpracticelist -->
</testsuite> <!-- web -->
